Arguments: 
  /Users/c.harding/.nvm/versions/node/v16.13.1/bin/node /usr/local/bin/yarn add -D @types/readline-promise

PATH: 
  /Users/c.harding/.nvm/versions/node/v16.13.1/bin:/Users/c.harding/.rvm/gems/ruby-3.0.3/bin:/Users/c.harding/.rvm/gems/ruby-3.0.3@global/bin:/Users/c.harding/.rvm/rubies/ruby-3.0.3/bin:/usr/local/opt/sqlite/bin:/usr/local/opt/mysql-client/bin:/Users/c.harding/.yarn/bin:/Users/c.harding/.config/yarn/global/node_modules/.bin:/usr/local/opt/ruby/bin:/usr/local/sbin:/usr/local/bin:/usr/local/bin:/usr/bin:/bin:/usr/sbin:/sbin:/Applications/VMware Fusion.app/Contents/Public:/Library/Apple/usr/bin:/Library/Frameworks/Mono.framework/Versions/Current/Commands:/Users/c.harding/Applications:/usr/local/pear/bin:/usr/local/Cellar/php70/7.0.1/bin:/Library/Ruby/Gems/2.6.0/bin:/Users/c.harding/.rvm/bin

Yarn version: 
  1.22.10

Node version: 
  16.13.1

Platform: 
  darwin x64

Trace: 
  Error: https://registry.yarnpkg.com/@types%2freadline-promise: Not found
      at Request.params.callback [as _callback] (/usr/local/lib/node_modules/yarn/lib/cli.js:66988:18)
      at Request.self.callback (/usr/local/lib/node_modules/yarn/lib/cli.js:140662:22)
      at Request.emit (node:events:390:28)
      at Request.<anonymous> (/usr/local/lib/node_modules/yarn/lib/cli.js:141634:10)
      at Request.emit (node:events:390:28)
      at IncomingMessage.<anonymous> (/usr/local/lib/node_modules/yarn/lib/cli.js:141556:12)
      at Object.onceWrapper (node:events:509:28)
      at IncomingMessage.emit (node:events:402:35)
      at endReadableNT (node:internal/streams/readable:1343:12)
      at processTicksAndRejections (node:internal/process/task_queues:83:21)

npm manifest: 
  {
    "name": "wordle-tool",
    "version": "0.0.1",
    "main": "wordle.js",
    "author": "Charlie Harding <charlie_harding@icloud.com>",
    "license": "none",
    "private": true,
    "devDependencies": {
      "@types/node": "^17.0.18",
      "typescript": "^4.5.5"
    },
    "dependencies": {
      "readline-promise": "^1.0.5"
    }
  }

yarn manifest: 
  No manifest

Lockfile: 
  # THIS IS AN AUTOGENERATED FILE. DO NOT EDIT THIS FILE DIRECTLY.
  # yarn lockfile v1
  
  
  "@types/node@^17.0.18":
    version "17.0.18"
    resolved "https://registry.yarnpkg.com/@types/node/-/node-17.0.18.tgz#3b4fed5cfb58010e3a2be4b6e74615e4847f1074"
    integrity sha512-eKj4f/BsN/qcculZiRSujogjvp5O/k4lOW5m35NopjZM/QwLOR075a8pJW5hD+Rtdm2DaCVPENS6KtSQnUD6BA==
  
  readline-promise@^1.0.5:
    version "1.0.5"
    resolved "https://registry.yarnpkg.com/readline-promise/-/readline-promise-1.0.5.tgz#26ccac73b9124d5c07f7e8398fe5d7fb1e6b198b"
    integrity sha512-rlqCVq6aaHxJCOJ0CzDHUi9Kj9JPBpnGFkdl6JefVjy0O/dGuBP+CovaHfaftUwElUlIeUs0E/a3Z5y45vRTVA==
  
  typescript@^4.5.5:
    version "4.5.5"
    resolved "https://registry.yarnpkg.com/typescript/-/typescript-4.5.5.tgz#d8c953832d28924a9e3d37c73d729c846c5896f3"
    integrity sha512-TCTIul70LyWe6IJWT8QSYeA54WQe8EjQFU4wY52Fasj5UKx88LNYKCgBEHcOMOrFF1rKGbD8v/xcNWVUq9SymA==
